MPASM  5.50                    TP3-PARTE2.ASM   4-20-2021  11:11:20         PAGE  1


LOC  OBJECT CODE     LINE SOURCE TEXT
  VALUE

                      00001 #INCLUDE <P16F84A.INC>
                      00001         LIST
                      00002 
                      00003 ;==========================================================================
                      00004 ;  MPASM PIC16F84A processor include
                      00005 ; 
                      00006 ;  (c) Copyright 1999-2013 Microchip Technology, All rights reserved
                      00007 ;==========================================================================
                      00008 
                      00208         LIST
0000                  00002 SETUP
0000   1683           00003     BSF STATUS, RP0
0001   3000           00004     MOVLW 0x00
Message[302]: Register in operand not in bank 0.  Ensure that bank bits are correct.
0002   0085           00005     MOVWF TRISA
0003   3002           00006     MOVLW 0x02
Message[302]: Register in operand not in bank 0.  Ensure that bank bits are correct.
0004   0086           00007     MOVWF TRISB
Message[302]: Register in operand not in bank 0.  Ensure that bank bits are correct.
0005   1381           00008         BCF OPTION_REG, NOT_RBPU
0006   1283           00009     BCF STATUS, RP0
                      00010 
0007                  00011 LOOP
0007   3000           00012     MOVLW 0X00
0008   0085           00013         MOVWF PORTA
0009   1C86           00014         BTFSS PORTB, RB1
000A   280C           00015     GOTO PRENDER
000B   2807           00016         GOTO LOOP
                      00017 
000C                  00018 PRENDER
000C   3007           00019         MOVLW 0x07
000D   0085           00020         MOVWF PORTA
000E   1C86           00021         BTFSS PORTB, RB1
000F   280C           00022         GOTO PRENDER
0010   2807           00023         GOTO LOOP
                      00024 
Warning[205]: Found directive in column 1. (END)
                      00025 END
MPASM  5.50                    TP3-PARTE2.ASM   4-20-2021  11:11:20         PAGE  2


SYMBOL TABLE
  LABEL                             VALUE 

C                                 00000000
DC                                00000001
EEADR                             00000009
EECON1                            00000088
EECON2                            00000089
EEDATA                            00000008
EEIE                              00000006
EEIF                              00000004
F                                 00000001
FSR                               00000004
GIE                               00000007
INDF                              00000000
INTCON                            0000000B
INTE                              00000004
INTEDG                            00000006
INTF                              00000001
IRP                               00000007
LOOP                              00000007
NOT_PD                            00000003
NOT_RBPU                          00000007
NOT_TO                            00000004
OPTION_REG                        00000081
PCL                               00000002
PCLATH                            0000000A
PORTA                             00000005
PORTB                             00000006
PRENDER                           0000000C
PS0                               00000000
PS1                               00000001
PS2                               00000002
PSA                               00000003
RA0                               00000000
RA1                               00000001
RA2                               00000002
RA3                               00000003
RA4                               00000004
RB0                               00000000
RB1                               00000001
RB2                               00000002
RB3                               00000003
RB4                               00000004
RB5                               00000005
RB6                               00000006
RB7                               00000007
RBIE                              00000003
RBIF                              00000000
RD                                00000000
RP0                               00000005
RP1                               00000006
SETUP                             00000000
STATUS                            00000003
T0CS                              00000005
T0IE                              00000005
MPASM  5.50                    TP3-PARTE2.ASM   4-20-2021  11:11:20         PAGE  3


SYMBOL TABLE
  LABEL                             VALUE 

T0IF                              00000002
T0SE                              00000004
TMR0                              00000001
TMR0IE                            00000005
TMR0IF                            00000002
TRISA                             00000085
TRISA0                            00000000
TRISA1                            00000001
TRISA2                            00000002
TRISA3                            00000003
TRISA4                            00000004
TRISB                             00000086
TRISB0                            00000000
TRISB1                            00000001
TRISB2                            00000002
TRISB3                            00000003
TRISB4                            00000004
TRISB5                            00000005
TRISB6                            00000006
TRISB7                            00000007
W                                 00000000
WR                                00000001
WREN                              00000002
WRERR                             00000003
Z                                 00000002
_CONFIG                           00002007
_CP_OFF                           00003FFF
_CP_ON                            0000000F
_DEVID1                           00002006
_FOSC_EXTRC                       00003FFF
_FOSC_HS                          00003FFE
_FOSC_LP                          00003FFC
_FOSC_XT                          00003FFD
_HS_OSC                           00003FFE
_IDLOC0                           00002000
_IDLOC1                           00002001
_IDLOC2                           00002002
_IDLOC3                           00002003
_LP_OSC                           00003FFC
_PWRTE_OFF                        00003FFF
_PWRTE_ON                         00003FF7
_RC_OSC                           00003FFF
_WDTE_OFF                         00003FFB
_WDTE_ON                          00003FFF
_WDT_OFF                          00003FFB
_WDT_ON                           00003FFF
_XT_OSC                           00003FFD
__16F84A                          00000001
__DEBUG                           1
MPASM  5.50                    TP3-PARTE2.ASM   4-20-2021  11:11:20         PAGE  4


MEMORY USAGE MAP ('X' = Used,  '-' = Unused)


0000 : XXXXXXXXXXXXXXXX X--------------- ---------------- ----------------

All other memory blocks unused.

Program Memory Words Used:    17
Program Memory Words Free:  1007


Errors   :     0
Warnings :     1 reported,     0 suppressed
Messages :     3 reported,     0 suppressed

